<?xml version="1.0" encoding="UTF-8"?>
<!-- Generated by org.testng.reporters.JUnitXMLReporter -->
<testsuite ignored="0" hostname="LAP-CW-ENG-026" failures="0" tests="9" name="Default test" time="2.85" errors="0" timestamp="2024-09-26T11:21:51 IST">
  <testcase classname="tests.RecordingTests" name="invalidRoomIDTest" time="1.637"/>
  <testcase classname="tests.RecordingTests" name="invalidAuthTokenTest" time="0.055"/>
  <testcase classname="tests.RecordingTests" name="startRecordingSuccessfully" time="0.119"/>
  <testcase classname="tests.RecordingTests" name="startRecordingMultipleTimes" time="0.101"/>
  <testcase classname="tests.RecordingTests" name="stopRecordingSuccessfully" time="0.262"/>
  <testcase classname="tests.RecordingTests" name="stopRecordingWithoutStarting" time="0.071"/>
  <testcase classname="tests.RecordingTests" name="whenPayloadIsEmpty" time="0.1"/>
  <testcase classname="tests.RecordingTests" name="whenPayloadInputIsWrong" time="0.073"/>
  <testcase classname="tests.RecordingTests" name="whenPayloadAsInvalidJson" time="0.066"/>
</testsuite> <!-- Default test -->
